# JRE version: OpenJDK Runtime Environment Temurin-17.0.20+8 (17.0.20+8) (build 17.0.20+8)
# Java VM: OpenJDK 64-Bit Server VM Temurin-17.0.20+8 (17.0.20+8, mixed mode, sharing, tiered, compressed oops, compressed class ptrs, g1 gc, windows-amd64)
GC Precious Log:
 CPUs: 8 total, 8 available
 Memory: 16358M
 Large Page Support: Disabled
 NUMA Support: Disabled
 Compressed Oops: Enabled (Zero based)
 Heap Region Size: 2M
 Heap Min Capacity: 8M
 Heap Initial Capacity: 256M
 Heap Max Capacity: 4090M
 Pre-touch: Disabled
 Parallel Workers: 8
 Concurrent Workers: 2
 Concurrent Refinement Workers: 8
 Periodic GC: Disabled
Heap:
 garbage-first heap   total 561152K, used 406303K [0x0000000700600000, 0x0000000800000000)
  region size 2048K, 4 young (8192K), 4 survivors (8192K)
 Metaspace       used 93065K, committed 93760K, reserved 1179648K
  class space    used 12242K, committed 12608K, reserved 1048576K
GC Heap History (20 events):
Event: 655.149 GC heap after
{Heap after GC invocations=289 (full 0):
 garbage-first heap   total 266240K, used 187895K [0x0000000700600000, 0x0000000800000000)
  region size 2048K, 2 young (4096K), 2 survivors (4096K)
 Metaspace       used 92945K, committed 93632K, reserved 1179648K
  class space    used 12231K, committed 12608K, reserved 1048576K
}
Event: 655.871 GC heap before
{Heap before GC invocations=289 (full 0):
 garbage-first heap   total 266240K, used 228855K [0x0000000700600000, 0x0000000800000000)
  region size 2048K, 23 young (47104K), 2 survivors (4096K)
 Metaspace       used 92966K, committed 93696K, reserved 1179648K
  class space    used 12236K, committed 12608K, reserved 1048576K
}
Event: 655.880 GC heap after
{Heap after GC invocations=290 (full 0):
 garbage-first heap   total 266240K, used 206513K [0x0000000700600000, 0x0000000800000000)
  region size 2048K, 3 young (6144K), 3 survivors (6144K)
 Metaspace       used 92966K, committed 93696K, reserved 1179648K
  class space    used 12236K, committed 12608K, reserved 1048576K
}
Event: 655.918 GC heap before
{Heap before GC invocations=290 (full 0):
 garbage-first heap   total 266240K, used 220849K [0x0000000700600000, 0x0000000800000000)
  region size 2048K, 11 young (22528K), 3 survivors (6144K)
 Metaspace       used 92966K, committed 93696K, reserved 1179648K
  class space    used 12236K, committed 12608K, reserved 1048576K
}
Event: 655.926 GC heap after
{Heap after GC invocations=291 (full 0):
 garbage-first heap   total 266240K, used 217175K [0x0000000700600000, 0x0000000800000000)
  region size 2048K, 2 young (4096K), 2 survivors (4096K)
 Metaspace       used 92966K, committed 93696K, reserved 1179648K
  class space    used 12236K, committed 12608K, reserved 1048576K
}
Event: 655.946 GC heap before
{Heap before GC invocations=291 (full 0):
 garbage-first heap   total 266240K, used 223319K [0x0000000700600000, 0x0000000800000000)
  region size 2048K, 6 young (12288K), 2 survivors (4096K)
 Metaspace       used 92966K, committed 93696K, reserved 1179648K
  class space    used 12236K, committed 12608K, reserved 1048576K
}
Event: 655.951 GC heap after
{Heap after GC invocations=292 (full 0):
 garbage-first heap   total 266240K, used 222989K [0x0000000700600000, 0x0000000800000000)
  region size 2048K, 1 young (2048K), 1 survivors (2048K)
 Metaspace       used 92966K, committed 93696K, reserved 1179648K
  class space    used 12236K, committed 12608K, reserved 1048576K
}
Event: 656.021 GC heap before
{Heap before GC invocations=292 (full 0):
 garbage-first heap   total 266240K, used 233229K [0x0000000700600000, 0x0000000800000000)
  region size 2048K, 6 young (12288K), 1 survivors (2048K)
 Metaspace       used 93064K, committed 93760K, reserved 1179648K
  class space    used 12242K, committed 12608K, reserved 1048576K
}
Event: 656.026 GC heap after
{Heap after GC invocations=293 (full 0):
 garbage-first heap   total 266240K, used 227295K [0x0000000700600000, 0x0000000800000000)
  region size 2048K, 1 young (2048K), 1 survivors (2048K)
 Metaspace       used 93064K, committed 93760K, reserved 1179648K
  class space    used 12242K, committed 12608K, reserved 1048576K
}
Event: 656.126 GC heap before
{Heap before GC invocations=293 (full 0):
 garbage-first heap   total 280576K, used 165855K [0x0000000700600000, 0x0000000800000000)
  region size 2048K, 6 young (12288K), 1 survivors (2048K)
 Metaspace       used 93065K, committed 93760K, reserved 1179648K
  class space    used 12242K, committed 12608K, reserved 1048576K
}
Event: 656.135 GC heap after
{Heap after GC invocations=294 (full 0):
 garbage-first heap   total 561152K, used 164216K [0x0000000700600000, 0x0000000800000000)
  region size 2048K, 1 young (2048K), 1 survivors (2048K)
 Metaspace       used 93065K, committed 93760K, reserved 1179648K
  class space    used 12242K, committed 12608K, reserved 1048576K
}
Event: 657.074 GC heap before
{Heap before GC invocations=295 (full 0):
 garbage-first heap   total 561152K, used 319864K [0x0000000700600000, 0x0000000800000000)
  region size 2048K, 76 young (155648K), 1 survivors (2048K)
 Metaspace       used 93065K, committed 93760K, reserved 1179648K
  class space    used 12242K, committed 12608K, reserved 1048576K
}
Event: 657.125 GC heap after
{Heap after GC invocations=296 (full 0):
 garbage-first heap   total 561152K, used 317572K [0x0000000700600000, 0x0000000800000000)
  region size 2048K, 10 young (20480K), 10 survivors (20480K)
 Metaspace       used 93065K, committed 93760K, reserved 1179648K
  class space    used 12242K, committed 12608K, reserved 1048576K
}
Event: 657.158 GC heap before
{Heap before GC invocations=296 (full 0):
 garbage-first heap   total 561152K, used 323716K [0x0000000700600000, 0x0000000800000000)
  region size 2048K, 13 young (26624K), 10 survivors (20480K)
 Metaspace       used 93065K, committed 93760K, reserved 1179648K
  class space    used 12242K, committed 12608K, reserved 1048576K
}
Event: 657.169 GC heap after
{Heap after GC invocations=297 (full 0):
 garbage-first heap   total 561152K, used 269087K [0x0000000700600000, 0x0000000800000000)
  region size 2048K, 2 young (4096K), 2 survivors (4096K)
 Metaspace       used 93065K, committed 93760K, reserved 1179648K
  class space    used 12242K, committed 12608K, reserved 1048576K
}
Event: 657.328 GC heap before
{Heap before GC invocations=297 (full 0):
 garbage-first heap   total 561152K, used 291615K [0x0000000700600000, 0x0000000800000000)
  region size 2048K, 13 young (26624K), 2 survivors (4096K)
 Metaspace       used 93065K, committed 93760K, reserved 1179648K
  class space    used 12242K, committed 12608K, reserved 1048576K
}
Event: 657.339 GC heap after
{Heap after GC invocations=298 (full 0):
 garbage-first heap   total 561152K, used 292639K [0x0000000700600000, 0x0000000800000000)
  region size 2048K, 2 young (4096K), 2 survivors (4096K)
 Metaspace       used 93065K, committed 93760K, reserved 1179648K
  class space    used 12242K, committed 12608K, reserved 1048576K
}
Event: 657.762 GC heap before
{Heap before GC invocations=298 (full 0):
 garbage-first heap   total 561152K, used 370463K [0x0000000700600000, 0x0000000800000000)
  region size 2048K, 38 young (77824K), 2 survivors (4096K)
 Metaspace       used 93065K, committed 93760K, reserved 1179648K
  class space    used 12242K, committed 12608K, reserved 1048576K
}
Event: 657.791 GC heap after
{Heap after GC invocations=299 (full 0):
 garbage-first heap   total 561152K, used 372505K [0x0000000700600000, 0x0000000800000000)
  region size 2048K, 5 young (10240K), 5 survivors (10240K)
 Metaspace       used 93065K, committed 93760K, reserved 1179648K
  class space    used 12242K, committed 12608K, reserved 1048576K
}
Event: 657.960 GC heap before
{Heap before GC invocations=299 (full 0):
 garbage-first heap   total 561152K, used 401177K [0x0000000700600000, 0x0000000800000000)
  region size 2048K, 20 young (40960K), 5 survivors (10240K)
 Metaspace       used 93065K, committed 93760K, reserved 1179648K
  class space    used 12242K, committed 12608K, reserved 1048576K
}

